<?xml version="1.0" encoding="UTF-8"?>
<!-- Generated by org.testng.reporters.JUnitReportReporter -->
<testsuite skipped="0" hostname="Ramanathans-MacBook-Pro.local" name="com.leafBot.testcases.TC001_LoginLogOut" tests="3" failures="0" timestamp="01 Feb 2020 05:28:28 GMT" time="20.850" errors="0">
  <testcase name="createLeaf" time="5.278" classname="com.leafBot.testcases.TC001_LoginLogOut"/>
  <testcase name="createLeaf" time="5.312" classname="com.leafBot.testcases.TC001_LoginLogOut"/>
  <testcase name="createLeaf" time="10.260" classname="com.leafBot.testcases.TC001_LoginLogOut"/>
</testsuite> <!-- com.leafBot.testcases.TC001_LoginLogOut -->
